<?xml version="1.0" encoding="UTF-8"?>
<!-- Generated by org.testng.reporters.JUnitXMLReporter -->
<testsuite hostname="DESKTOP-5OUP2NH" ignored="0" name="MoneyAppTesting" tests="2" failures="1" timestamp="14 Jun 2019 21:25:57 GMT" time="44.807" errors="0">
  <testcase name="runLoginTestCases" time="1.853" classname="driver.LoginTest"/>
  <testcase name="runLoginTestCases" time="20.846" classname="driver.LoginTest">
    <failure type="java.lang.AssertionError" message="null">
      <![CDATA[java.lang.AssertionError: null
at driver.LoginTest.runLoginTestCases(LoginTest.java:61)
... Removed 26 stack frames]]>
    </failure>
  </testcase> <!-- runLoginTestCases -->
</testsuite> <!-- MoneyAppTesting -->
